<?xml version="1.0" encoding="UTF-8"?>
<testng-results skipped="0" failed="0" ignored="0" total="2" passed="2">
  <reporter-output>
  </reporter-output>
  <suite name="BDD Test Suite" duration-ms="105881" started-at="2018-11-03T10:28:48Z" finished-at="2018-11-03T10:30:34Z">
    <groups>
      <group name="cucumber">
        <method signature="TestRunner.feature(cucumber.api.testng.CucumberFeatureWrapper)[pri:0, instance:com.cucumber.framework.cucumber.testRunner.TestRunner@3fee9989]" name="feature" class="com.cucumber.framework.cucumber.testRunner.TestRunner"/>
      </group> <!-- cucumber -->
    </groups>
    <test name="Login Test" duration-ms="105881" started-at="2018-11-03T10:28:48Z" finished-at="2018-11-03T10:30:34Z">
      <class name="com.cucumber.framework.cucumber.testRunner.TestRunner">
        <test-method status="PASS" signature="setUpClass()[pri:0, instance:com.cucumber.framework.cucumber.testRunner.TestRunner@3fee9989]" name="setUpClass" is-config="true" duration-ms="380" started-at="2018-11-03T10:28:48Z" finished-at="2018-11-03T10:28:49Z">
          <reporter-output>
          </reporter-output>
        </test-method> <!-- setUpClass -->
        <test-method status="PASS" signature="feature(cucumber.api.testng.CucumberFeatureWrapper)[pri:0, instance:com.cucumber.framework.cucumber.testRunner.TestRunner@3fee9989]" name="feature" duration-ms="4413" started-at="2018-11-03T10:28:49Z" description="Runs Cucumber Features" data-provider="features" finished-at="2018-11-03T10:28:53Z">
          <params>
            <param index="0">
              <value>
                <![CDATA[Leads Creation]]>
              </value>
            </param>
          </params>
          <reporter-output>
          </reporter-output>
        </test-method> <!-- feature -->
        <test-method status="PASS" signature="feature(cucumber.api.testng.CucumberFeatureWrapper)[pri:0, instance:com.cucumber.framework.cucumber.testRunner.TestRunner@3fee9989]" name="feature" duration-ms="100780" started-at="2018-11-03T10:28:53Z" description="Runs Cucumber Features" data-provider="features" finished-at="2018-11-03T10:30:34Z">
          <params>
            <param index="0">
              <value>
                <![CDATA[Sign in]]>
              </value>
            </param>
          </params>
          <reporter-output>
          </reporter-output>
        </test-method> <!-- feature -->
        <test-method status="PASS" signature="tearDownClass()[pri:0, instance:com.cucumber.framework.cucumber.testRunner.TestRunner@3fee9989]" name="tearDownClass" is-config="true" duration-ms="120" started-at="2018-11-03T10:30:34Z" finished-at="2018-11-03T10:30:34Z">
          <reporter-output>
          </reporter-output>
        </test-method> <!-- tearDownClass -->
      </class> <!-- com.cucumber.framework.cucumber.testRunner.TestRunner -->
    </test> <!-- Login Test -->
  </suite> <!-- BDD Test Suite -->
</testng-results>
